2021-03-13 21:16:57,553 INFO o.s.b.StartupInfoLogger [restartedMain] Starting DemoApplication using Java 15.0.1 on DESKTOP-9Q3F4IE with PID 11388 (C:\Users\이종욱\OneDrive\문서\workspace\demo\target\classes started by 이종욱 in C:\Users\이종욱\OneDrive\문서\workspace\demo)
2021-03-13 21:16:57,560 INFO o.s.b.SpringApplication [restartedMain] No active profile set, falling back to default profiles: default
2021-03-13 21:16:57,594 INFO o.s.b.l.DeferredLog [restartedMain] Devtools property defaults active! Set 'spring.devtools.add-properties' to 'false' to disable
2021-03-13 21:16:57,594 INFO o.s.b.l.DeferredLog [restartedMain] For additional web related logging consider setting the 'logging.level.web' property to 'DEBUG'
2021-03-13 21:16:58,173 INFO o.s.c.s.PostProcessorRegistrationDelegate$BeanPostProcessorChecker [restartedMain] Bean 'org.springframework.ws.config.annotation.DelegatingWsConfiguration' of type [org.springframework.ws.config.annotation.DelegatingWsConfiguration$$EnhancerBySpringCGLIB$$63b667c9] is not eligible for getting processed by all BeanPostProcessors (for example: not eligible for auto-proxying)
2021-03-13 21:16:58,198 INFO o.s.w.s.a.s.AbstractAddressingEndpointMapping [restartedMain] Supporting [WS-Addressing August 2004, WS-Addressing 1.0]
2021-03-13 21:16:58,401 INFO o.s.b.w.e.t.TomcatWebServer [restartedMain] Tomcat initialized with port(s): 8000 (http)
2021-03-13 21:16:58,409 INFO o.a.j.l.DirectJDKLog [restartedMain] Initializing ProtocolHandler ["http-nio-8000"]
2021-03-13 21:16:58,409 INFO o.a.j.l.DirectJDKLog [restartedMain] Starting service [Tomcat]
2021-03-13 21:16:58,409 INFO o.a.j.l.DirectJDKLog [restartedMain] Starting Servlet engine: [Apache Tomcat/9.0.43]
2021-03-13 21:16:58,578 INFO o.a.j.l.DirectJDKLog [restartedMain] At least one JAR was scanned for TLDs yet contained no TLDs. Enable debug logging for this logger for a complete list of JARs that were scanned but no TLDs were found in them. Skipping unneeded JARs during scanning can improve startup time and JSP compilation time.
2021-03-13 21:16:58,585 INFO o.a.j.l.DirectJDKLog [restartedMain] Initializing Spring embedded WebApplicationContext
2021-03-13 21:16:58,585 INFO o.s.b.w.s.c.ServletWebServerApplicationContext [restartedMain] Root WebApplicationContext: initialization completed in 986 ms
2021-03-13 21:16:58,832 INFO o.s.s.c.ExecutorConfigurationSupport [restartedMain] Initializing ExecutorService 'applicationTaskExecutor'
2021-03-13 21:16:59,019 INFO o.s.b.d.a.OptionalLiveReloadServer [restartedMain] LiveReload server is running on port 35729
2021-03-13 21:16:59,033 INFO o.a.j.l.DirectJDKLog [restartedMain] Starting ProtocolHandler ["http-nio-8000"]
2021-03-13 21:16:59,056 INFO o.s.b.w.e.t.TomcatWebServer [restartedMain] Tomcat started on port(s): 8000 (http) with context path ''
2021-03-13 21:16:59,064 INFO o.s.b.StartupInfoLogger [restartedMain] Started DemoApplication in 1.757 seconds (JVM running for 2.527)
2021-03-13 21:17:05,413 INFO o.a.j.l.DirectJDKLog [http-nio-8000-exec-1] Initializing Spring DispatcherServlet 'dispatcherServlet'
2021-03-13 21:17:05,413 INFO o.s.w.s.FrameworkServlet [http-nio-8000-exec-1] Initializing Servlet 'dispatcherServlet'
2021-03-13 21:17:05,414 INFO o.s.w.s.FrameworkServlet [http-nio-8000-exec-1] Completed initialization in 1 ms
2021-03-13 21:17:05,423 INFO c.e.i.MyInterceptor [http-nio-8000-exec-1] Interceptor preHandle
2021-03-13 21:17:05,430 INFO c.e.i.MyInterceptor [http-nio-8000-exec-1] Interceptor postHandle
2021-03-13 21:17:05,440 INFO c.e.i.MyInterceptor [http-nio-8000-exec-1] Interceptor preHandle
2021-03-13 21:17:05,449 INFO c.e.i.MyInterceptor [http-nio-8000-exec-1] Interceptor postHandle
2021-03-13 21:17:05,481 INFO c.e.i.MyInterceptor [http-nio-8000-exec-9] Interceptor preHandle
2021-03-13 21:17:05,484 INFO c.e.i.MyInterceptor [http-nio-8000-exec-9] Interceptor postHandle
2021-03-13 21:17:05,540 INFO c.e.i.MyInterceptor [http-nio-8000-exec-2] Interceptor preHandle
2021-03-13 21:17:46,356 INFO o.s.s.c.ExecutorConfigurationSupport [Thread-5] Shutting down ExecutorService 'applicationTaskExecutor'
2021-03-13 21:17:46,418 INFO o.s.b.StartupInfoLogger [restartedMain] Starting DemoApplication using Java 15.0.1 on DESKTOP-9Q3F4IE with PID 11388 (C:\Users\이종욱\OneDrive\문서\workspace\demo\target\classes started by 이종욱 in C:\Users\이종욱\OneDrive\문서\workspace\demo)
2021-03-13 21:17:46,419 INFO o.s.b.SpringApplication [restartedMain] No active profile set, falling back to default profiles: default
2021-03-13 21:17:46,572 INFO o.s.c.s.PostProcessorRegistrationDelegate$BeanPostProcessorChecker [restartedMain] Bean 'org.springframework.ws.config.annotation.DelegatingWsConfiguration' of type [org.springframework.ws.config.annotation.DelegatingWsConfiguration$$EnhancerBySpringCGLIB$$63b667c9] is not eligible for getting processed by all BeanPostProcessors (for example: not eligible for auto-proxying)
2021-03-13 21:17:46,573 INFO o.s.w.s.a.s.AbstractAddressingEndpointMapping [restartedMain] Supporting [WS-Addressing August 2004, WS-Addressing 1.0]
2021-03-13 21:17:46,600 INFO o.s.b.w.e.t.TomcatWebServer [restartedMain] Tomcat initialized with port(s): 8000 (http)
2021-03-13 21:17:46,601 INFO o.a.j.l.DirectJDKLog [restartedMain] Initializing ProtocolHandler ["http-nio-8000"]
2021-03-13 21:17:46,601 INFO o.a.j.l.DirectJDKLog [restartedMain] Starting service [Tomcat]
2021-03-13 21:17:46,601 INFO o.a.j.l.DirectJDKLog [restartedMain] Starting Servlet engine: [Apache Tomcat/9.0.43]
2021-03-13 21:17:46,653 INFO o.a.j.l.DirectJDKLog [restartedMain] At least one JAR was scanned for TLDs yet contained no TLDs. Enable debug logging for this logger for a complete list of JARs that were scanned but no TLDs were found in them. Skipping unneeded JARs during scanning can improve startup time and JSP compilation time.
2021-03-13 21:17:46,655 INFO o.a.j.l.DirectJDKLog [restartedMain] Initializing Spring embedded WebApplicationContext
2021-03-13 21:17:46,655 INFO o.s.b.w.s.c.ServletWebServerApplicationContext [restartedMain] Root WebApplicationContext: initialization completed in 234 ms
2021-03-13 21:17:46,709 INFO o.s.s.c.ExecutorConfigurationSupport [restartedMain] Initializing ExecutorService 'applicationTaskExecutor'
2021-03-13 21:17:46,754 INFO o.s.b.d.a.OptionalLiveReloadServer [restartedMain] LiveReload server is running on port 35729
2021-03-13 21:17:46,761 INFO o.a.j.l.DirectJDKLog [restartedMain] Starting ProtocolHandler ["http-nio-8000"]
2021-03-13 21:17:46,765 INFO o.s.b.w.e.t.TomcatWebServer [restartedMain] Tomcat started on port(s): 8000 (http) with context path ''
2021-03-13 21:17:46,767 INFO o.s.b.StartupInfoLogger [restartedMain] Started DemoApplication in 0.384 seconds (JVM running for 50.23)
2021-03-13 21:17:46,769 INFO o.s.b.d.a.ConditionEvaluationDeltaLoggingListener [restartedMain] Condition evaluation unchanged
2021-03-13 21:17:54,885 INFO o.a.j.l.DirectJDKLog [http-nio-8000-exec-1] Initializing Spring DispatcherServlet 'dispatcherServlet'
2021-03-13 21:17:54,885 INFO o.s.w.s.FrameworkServlet [http-nio-8000-exec-1] Initializing Servlet 'dispatcherServlet'
2021-03-13 21:17:54,885 INFO o.s.w.s.FrameworkServlet [http-nio-8000-exec-1] Completed initialization in 0 ms
2021-03-13 21:17:54,886 INFO c.e.i.MyInterceptor [http-nio-8000-exec-1] Interceptor preHandle
2021-03-13 21:17:54,887 INFO c.e.i.MyInterceptor [http-nio-8000-exec-1] Interceptor postHandle
2021-03-13 21:17:54,888 INFO c.e.i.MyInterceptor [http-nio-8000-exec-1] Interceptor preHandle
2021-03-13 21:17:54,890 INFO c.e.i.MyInterceptor [http-nio-8000-exec-1] Interceptor postHandle
2021-03-13 21:17:54,923 INFO c.e.i.MyInterceptor [http-nio-8000-exec-2] Interceptor preHandle
2021-03-13 21:17:54,926 INFO c.e.i.MyInterceptor [http-nio-8000-exec-2] Interceptor postHandle
2021-03-13 21:17:55,044 INFO c.e.i.MyInterceptor [http-nio-8000-exec-3] Interceptor preHandle
2021-03-13 21:17:55,067 INFO c.z.h.HikariDataSource [http-nio-8000-exec-3] HikariPool-1 - Starting...
2021-03-13 21:17:55,153 INFO c.z.h.HikariDataSource [http-nio-8000-exec-3] HikariPool-1 - Start completed.
2021-03-13 21:17:55,211 INFO c.e.i.MyInterceptor [http-nio-8000-exec-3] Interceptor postHandle
2021-03-13 21:19:18,550 INFO c.e.i.MyInterceptor [http-nio-8000-exec-6] Interceptor preHandle
2021-03-13 21:19:18,551 INFO c.e.i.MyInterceptor [http-nio-8000-exec-6] Interceptor postHandle
2021-03-13 21:19:18,552 INFO c.e.i.MyInterceptor [http-nio-8000-exec-6] Interceptor preHandle
2021-03-13 21:19:18,553 INFO c.e.i.MyInterceptor [http-nio-8000-exec-6] Interceptor postHandle
2021-03-13 21:19:18,576 INFO c.e.i.MyInterceptor [http-nio-8000-exec-7] Interceptor preHandle
2021-03-13 21:19:18,578 INFO c.e.i.MyInterceptor [http-nio-8000-exec-7] Interceptor postHandle
2021-03-13 21:19:18,692 INFO c.e.i.MyInterceptor [http-nio-8000-exec-8] Interceptor preHandle
2021-03-13 21:19:18,694 INFO c.e.i.MyInterceptor [http-nio-8000-exec-8] Interceptor postHandle
2021-03-13 21:19:23,254 INFO c.e.i.MyInterceptor [http-nio-8000-exec-9] Interceptor preHandle
2021-03-13 21:19:23,264 INFO c.e.i.MyInterceptor [http-nio-8000-exec-9] Interceptor postHandle
2021-03-13 21:19:29,864 INFO c.e.i.MyInterceptor [http-nio-8000-exec-10] Interceptor preHandle
2021-03-13 21:19:29,866 INFO c.e.i.MyInterceptor [http-nio-8000-exec-10] Interceptor postHandle
2021-03-13 21:19:41,204 INFO c.e.i.MyInterceptor [http-nio-8000-exec-1] Interceptor preHandle
2021-03-13 21:19:41,206 INFO c.e.i.MyInterceptor [http-nio-8000-exec-1] Interceptor postHandle
2021-03-13 21:19:46,985 INFO c.e.i.MyInterceptor [http-nio-8000-exec-2] Interceptor preHandle
2021-03-13 21:19:47,015 INFO c.e.i.MyInterceptor [http-nio-8000-exec-2] Interceptor postHandle
2021-03-13 21:19:47,659 INFO c.e.i.MyInterceptor [http-nio-8000-exec-3] Interceptor preHandle
2021-03-13 21:19:47,659 INFO c.e.i.MyInterceptor [http-nio-8000-exec-3] Interceptor postHandle
2021-03-13 21:19:47,660 INFO c.e.i.MyInterceptor [http-nio-8000-exec-3] Interceptor preHandle
2021-03-13 21:19:47,662 INFO c.e.i.MyInterceptor [http-nio-8000-exec-3] Interceptor postHandle
2021-03-13 21:19:47,684 INFO c.e.i.MyInterceptor [http-nio-8000-exec-4] Interceptor preHandle
2021-03-13 21:19:47,686 INFO c.e.i.MyInterceptor [http-nio-8000-exec-4] Interceptor postHandle
2021-03-13 21:20:30,096 INFO c.e.i.MyInterceptor [http-nio-8000-exec-6] Interceptor preHandle
2021-03-13 21:20:30,097 INFO c.e.i.MyInterceptor [http-nio-8000-exec-6] Interceptor postHandle
2021-03-13 21:20:30,098 INFO c.e.i.MyInterceptor [http-nio-8000-exec-6] Interceptor preHandle
2021-03-13 21:20:30,099 INFO c.e.i.MyInterceptor [http-nio-8000-exec-6] Interceptor postHandle
2021-03-13 21:20:30,131 INFO c.e.i.MyInterceptor [http-nio-8000-exec-7] Interceptor preHandle
2021-03-13 21:20:30,133 INFO c.e.i.MyInterceptor [http-nio-8000-exec-7] Interceptor postHandle
2021-03-13 21:20:30,237 INFO c.e.i.MyInterceptor [http-nio-8000-exec-8] Interceptor preHandle
2021-03-13 21:20:30,240 INFO c.e.i.MyInterceptor [http-nio-8000-exec-8] Interceptor postHandle
2021-03-13 21:20:42,232 INFO c.e.i.MyInterceptor [http-nio-8000-exec-9] Interceptor preHandle
2021-03-13 21:20:42,238 INFO c.e.i.MyInterceptor [http-nio-8000-exec-9] Interceptor postHandle
2021-03-13 21:20:48,754 INFO c.e.i.MyInterceptor [http-nio-8000-exec-10] Interceptor preHandle
2021-03-13 21:20:48,755 INFO c.e.i.MyInterceptor [http-nio-8000-exec-10] Interceptor postHandle
2021-03-13 21:20:48,757 INFO c.e.i.MyInterceptor [http-nio-8000-exec-10] Interceptor preHandle
2021-03-13 21:20:48,759 INFO c.e.i.MyInterceptor [http-nio-8000-exec-10] Interceptor postHandle
2021-03-13 21:20:48,793 INFO c.e.i.MyInterceptor [http-nio-8000-exec-1] Interceptor preHandle
2021-03-13 21:20:48,795 INFO c.e.i.MyInterceptor [http-nio-8000-exec-1] Interceptor postHandle
2021-03-13 21:20:48,852 INFO c.e.i.MyInterceptor [http-nio-8000-exec-2] Interceptor preHandle
2021-03-13 21:20:48,856 INFO c.e.i.MyInterceptor [http-nio-8000-exec-2] Interceptor postHandle
2021-03-13 21:21:02,244 INFO c.e.i.MyInterceptor [http-nio-8000-exec-3] Interceptor preHandle
2021-03-13 21:21:02,246 INFO c.e.i.MyInterceptor [http-nio-8000-exec-3] Interceptor postHandle
2021-03-13 21:21:06,596 INFO c.e.i.MyInterceptor [http-nio-8000-exec-4] Interceptor preHandle
2021-03-13 21:21:06,597 INFO c.e.i.MyInterceptor [http-nio-8000-exec-4] Interceptor postHandle
2021-03-13 21:21:15,794 INFO c.e.i.MyInterceptor [http-nio-8000-exec-5] Interceptor preHandle
2021-03-13 21:21:15,800 INFO c.e.i.MyInterceptor [http-nio-8000-exec-5] Interceptor postHandle
2021-03-13 21:21:17,547 INFO c.e.i.MyInterceptor [http-nio-8000-exec-6] Interceptor preHandle
2021-03-13 21:21:17,547 INFO c.e.i.MyInterceptor [http-nio-8000-exec-6] Interceptor postHandle
2021-03-13 21:21:17,548 INFO c.e.i.MyInterceptor [http-nio-8000-exec-6] Interceptor preHandle
2021-03-13 21:21:17,550 INFO c.e.i.MyInterceptor [http-nio-8000-exec-6] Interceptor postHandle
2021-03-13 21:21:17,579 INFO c.e.i.MyInterceptor [http-nio-8000-exec-7] Interceptor preHandle
2021-03-13 21:21:17,581 INFO c.e.i.MyInterceptor [http-nio-8000-exec-7] Interceptor postHandle
2021-03-13 21:21:17,694 INFO c.e.i.MyInterceptor [http-nio-8000-exec-8] Interceptor preHandle
2021-03-13 21:21:17,696 INFO c.e.i.MyInterceptor [http-nio-8000-exec-8] Interceptor postHandle
2021-03-13 21:21:28,236 INFO c.e.i.MyInterceptor [http-nio-8000-exec-9] Interceptor preHandle
2021-03-13 21:21:28,242 INFO c.e.i.MyInterceptor [http-nio-8000-exec-9] Interceptor postHandle
2021-03-13 21:21:29,127 INFO c.e.i.MyInterceptor [http-nio-8000-exec-10] Interceptor preHandle
2021-03-13 21:21:29,128 INFO c.e.i.MyInterceptor [http-nio-8000-exec-10] Interceptor postHandle
2021-03-13 21:21:29,128 INFO c.e.i.MyInterceptor [http-nio-8000-exec-10] Interceptor preHandle
2021-03-13 21:21:29,130 INFO c.e.i.MyInterceptor [http-nio-8000-exec-10] Interceptor postHandle
2021-03-13 21:21:29,151 INFO c.e.i.MyInterceptor [http-nio-8000-exec-1] Interceptor preHandle
2021-03-13 21:21:29,153 INFO c.e.i.MyInterceptor [http-nio-8000-exec-1] Interceptor postHandle
2021-03-13 21:21:29,245 INFO c.e.i.MyInterceptor [http-nio-8000-exec-2] Interceptor preHandle
2021-03-13 21:21:29,246 INFO c.e.i.MyInterceptor [http-nio-8000-exec-2] Interceptor postHandle
2021-03-13 21:21:39,855 INFO c.e.i.MyInterceptor [http-nio-8000-exec-4] Interceptor preHandle
2021-03-13 21:21:39,862 INFO c.e.i.MyInterceptor [http-nio-8000-exec-4] Interceptor postHandle
2021-03-13 21:21:40,867 INFO c.e.i.MyInterceptor [http-nio-8000-exec-5] Interceptor preHandle
2021-03-13 21:21:40,867 INFO c.e.i.MyInterceptor [http-nio-8000-exec-5] Interceptor postHandle
2021-03-13 21:21:40,868 INFO c.e.i.MyInterceptor [http-nio-8000-exec-5] Interceptor preHandle
2021-03-13 21:21:40,870 INFO c.e.i.MyInterceptor [http-nio-8000-exec-5] Interceptor postHandle
2021-03-13 21:21:40,892 INFO c.e.i.MyInterceptor [http-nio-8000-exec-6] Interceptor preHandle
2021-03-13 21:21:40,893 INFO c.e.i.MyInterceptor [http-nio-8000-exec-6] Interceptor postHandle
2021-03-13 21:21:40,950 INFO c.e.i.MyInterceptor [http-nio-8000-exec-7] Interceptor preHandle
2021-03-13 21:21:40,951 INFO c.e.i.MyInterceptor [http-nio-8000-exec-7] Interceptor postHandle
2021-03-13 21:22:23,304 INFO o.s.s.c.ExecutorConfigurationSupport [Thread-8] Shutting down ExecutorService 'applicationTaskExecutor'
2021-03-13 21:22:23,304 INFO c.z.h.HikariDataSource [Thread-8] HikariPool-1 - Shutdown initiated...
2021-03-13 21:22:23,307 INFO c.z.h.HikariDataSource [Thread-8] HikariPool-1 - Shutdown completed.
2021-03-13 21:22:23,371 INFO o.s.b.StartupInfoLogger [restartedMain] Starting DemoApplication using Java 15.0.1 on DESKTOP-9Q3F4IE with PID 11388 (C:\Users\이종욱\OneDrive\문서\workspace\demo\target\classes started by 이종욱 in C:\Users\이종욱\OneDrive\문서\workspace\demo)
2021-03-13 21:22:23,371 INFO o.s.b.SpringApplication [restartedMain] No active profile set, falling back to default profiles: default
2021-03-13 21:22:23,514 INFO o.s.c.s.PostProcessorRegistrationDelegate$BeanPostProcessorChecker [restartedMain] Bean 'org.springframework.ws.config.annotation.DelegatingWsConfiguration' of type [org.springframework.ws.config.annotation.DelegatingWsConfiguration$$EnhancerBySpringCGLIB$$63b667c9] is not eligible for getting processed by all BeanPostProcessors (for example: not eligible for auto-proxying)
2021-03-13 21:22:23,515 INFO o.s.w.s.a.s.AbstractAddressingEndpointMapping [restartedMain] Supporting [WS-Addressing August 2004, WS-Addressing 1.0]
2021-03-13 21:22:23,542 INFO o.s.b.w.e.t.TomcatWebServer [restartedMain] Tomcat initialized with port(s): 8000 (http)
2021-03-13 21:22:23,542 INFO o.a.j.l.DirectJDKLog [restartedMain] Initializing ProtocolHandler ["http-nio-8000"]
2021-03-13 21:22:23,543 INFO o.a.j.l.DirectJDKLog [restartedMain] Starting service [Tomcat]
2021-03-13 21:22:23,543 INFO o.a.j.l.DirectJDKLog [restartedMain] Starting Servlet engine: [Apache Tomcat/9.0.43]
2021-03-13 21:22:23,590 INFO o.a.j.l.DirectJDKLog [restartedMain] At least one JAR was scanned for TLDs yet contained no TLDs. Enable debug logging for this logger for a complete list of JARs that were scanned but no TLDs were found in them. Skipping unneeded JARs during scanning can improve startup time and JSP compilation time.
2021-03-13 21:22:23,592 INFO o.a.j.l.DirectJDKLog [restartedMain] Initializing Spring embedded WebApplicationContext
2021-03-13 21:22:23,592 INFO o.s.b.w.s.c.ServletWebServerApplicationContext [restartedMain] Root WebApplicationContext: initialization completed in 219 ms
2021-03-13 21:22:23,642 INFO o.s.s.c.ExecutorConfigurationSupport [restartedMain] Initializing ExecutorService 'applicationTaskExecutor'
2021-03-13 21:22:23,685 INFO o.s.b.d.a.OptionalLiveReloadServer [restartedMain] LiveReload server is running on port 35729
2021-03-13 21:22:23,691 INFO o.a.j.l.DirectJDKLog [restartedMain] Starting ProtocolHandler ["http-nio-8000"]
2021-03-13 21:22:23,694 INFO o.s.b.w.e.t.TomcatWebServer [restartedMain] Tomcat started on port(s): 8000 (http) with context path ''
2021-03-13 21:22:23,696 INFO o.s.b.StartupInfoLogger [restartedMain] Started DemoApplication in 0.361 seconds (JVM running for 327.159)
2021-03-13 21:22:23,698 INFO o.s.b.d.a.ConditionEvaluationDeltaLoggingListener [restartedMain] Condition evaluation unchanged
2021-03-13 21:22:27,289 INFO o.a.j.l.DirectJDKLog [http-nio-8000-exec-1] Initializing Spring DispatcherServlet 'dispatcherServlet'
2021-03-13 21:22:27,289 INFO o.s.w.s.FrameworkServlet [http-nio-8000-exec-1] Initializing Servlet 'dispatcherServlet'
2021-03-13 21:22:27,290 INFO o.s.w.s.FrameworkServlet [http-nio-8000-exec-1] Completed initialization in 1 ms
2021-03-13 21:22:27,290 INFO c.e.i.MyInterceptor [http-nio-8000-exec-1] Interceptor preHandle
2021-03-13 21:22:27,291 INFO c.z.h.HikariDataSource [http-nio-8000-exec-1] HikariPool-2 - Starting...
2021-03-13 21:22:27,322 INFO c.z.h.HikariDataSource [http-nio-8000-exec-1] HikariPool-2 - Start completed.
2021-03-13 21:22:27,329 INFO c.e.i.MyInterceptor [http-nio-8000-exec-1] Interceptor postHandle
2021-03-13 21:22:28,910 INFO c.e.i.MyInterceptor [http-nio-8000-exec-3] Interceptor preHandle
2021-03-13 21:22:28,911 INFO c.e.i.MyInterceptor [http-nio-8000-exec-3] Interceptor postHandle
2021-03-13 21:22:28,912 INFO c.e.i.MyInterceptor [http-nio-8000-exec-3] Interceptor preHandle
2021-03-13 21:22:28,913 INFO c.e.i.MyInterceptor [http-nio-8000-exec-3] Interceptor postHandle
2021-03-13 21:22:28,946 INFO c.e.i.MyInterceptor [http-nio-8000-exec-2] Interceptor preHandle
2021-03-13 21:22:28,948 INFO c.e.i.MyInterceptor [http-nio-8000-exec-2] Interceptor postHandle
2021-03-13 21:22:29,065 INFO c.e.i.MyInterceptor [http-nio-8000-exec-5] Interceptor preHandle
2021-03-13 21:22:29,069 INFO c.e.i.MyInterceptor [http-nio-8000-exec-5] Interceptor postHandle
2021-03-13 21:22:53,043 INFO o.s.b.a.SpringApplicationAdminMXBeanRegistrar$SpringApplicationAdmin [RMI TCP Connection(20)-127.0.0.1] Application shutdown requested.
2021-03-13 21:22:53,061 INFO o.s.s.c.ExecutorConfigurationSupport [RMI TCP Connection(20)-127.0.0.1] Shutting down ExecutorService 'applicationTaskExecutor'
2021-03-13 21:22:53,061 INFO c.z.h.HikariDataSource [RMI TCP Connection(20)-127.0.0.1] HikariPool-2 - Shutdown initiated...
2021-03-13 21:22:53,062 INFO c.z.h.HikariDataSource [RMI TCP Connection(20)-127.0.0.1] HikariPool-2 - Shutdown completed.
